

pos=(5,6), dir=-1
Direction 0 has score 6
New best direction: 0 with score 6
Direction 1 has score 6
Direction 2 has score 8
New best direction: 2 with score 8
Direction 3 has score 9
New best direction: 3 with score 9
Direction 4 has score 5
Direction 5 has score 6
Direction 6 has score 6
Direction 7 has score 1
FINAL best_dir=3 max_score=9


pos=(5,6), dir=-1
Direction 0 has score 6
New best direction: 0 with score 6
Direction 1 has score 6
Direction 2 has score 8
New best direction: 2 with score 8
Direction 3 has score 9
New best direction: 3 with score 9
Direction 4 has score 5
Direction 5 has score 6
Direction 6 has score 6
Direction 7 has score 1
FINAL best_dir=3 max_score=9


pos=(5,6), dir=-1
Direction 0 has score 6
New best direction: 0 with score 6
Direction 1 has score 6
Direction 2 has score 8
New best direction: 2 with score 8
Direction 3 has score 9
New best direction: 3 with score 9
Direction 4 has score 5
Direction 5 has score 6
Direction 6 has score 6
Direction 7 has score 1
FINAL best_dir=3 max_score=9


pos=(7,8), dir=-1
Direction 0 has score 5
New best direction: 0 with score 5
Direction 1 has score 8
New best direction: 1 with score 8
Direction 2 has score 4
Direction 3 has score 6
Direction 4 has score 8
Direction 5 has score 5
Direction 6 has score 1
Direction 7 has score 0
FINAL best_dir=1 max_score=8


pos=(7,8), dir=-1
Direction 0 has score 5
New best direction: 0 with score 5
Direction 1 has score 8
New best direction: 1 with score 8
Direction 2 has score 4
Direction 3 has score 6
Direction 4 has score 8
Direction 5 has score 5
Direction 6 has score 1
Direction 7 has score 0
FINAL best_dir=1 max_score=8


pos=(9,8), dir=-1
Direction 0 has score 7
New best direction: 0 with score 7
Direction 4 has score 9
New best direction: 4 with score 9
Direction 5 has score 0
Direction 6 has score 4
Direction 7 has score 8
FINAL best_dir=4 max_score=9


pos=(9,8), dir=-1
Direction 0 has score 7
New best direction: 0 with score 7
Direction 4 has score 9
New best direction: 4 with score 9
Direction 5 has score 0
Direction 6 has score 4
Direction 7 has score 8
FINAL best_dir=4 max_score=9


pos=(9,9), dir=-1
Direction 0 has score 0
Direction 6 has score 0
Direction 7 has score 4
New best direction: 7 with score 4
FINAL best_dir=7 max_score=4


pos=(9,9), dir=-1
Direction 0 has score 0
Direction 6 has score 0
Direction 7 has score 4
New best direction: 7 with score 4
FINAL best_dir=7 max_score=4


pos=(8,8), dir=-1
Direction 0 has score 8
New best direction: 0 with score 8
Direction 1 has score 7
Direction 2 has score 0
Direction 3 has score 0
Direction 4 has score 0
Direction 5 has score 8
Direction 6 has score 0
Direction 7 has score 5
FINAL best_dir=0 max_score=8


pos=(7,7), dir=-1
Direction 0 has score 8
New best direction: 0 with score 8
Direction 1 has score 5
Direction 2 has score 8
Direction 3 has score 0
Direction 4 has score 0
Direction 5 has score 1
Direction 6 has score 0
Direction 7 has score 8
FINAL best_dir=0 max_score=8


pos=(7,6), dir=-1
Direction 0 has score 1
New best direction: 0 with score 1
Direction 1 has score 7
New best direction: 1 with score 7
Direction 2 has score 5
Direction 3 has score 8
New best direction: 3 with score 8
Direction 4 has score 0
Direction 5 has score 0
Direction 6 has score 8
Direction 7 has score 6
FINAL best_dir=3 max_score=8


pos=(7,5), dir=-1
Direction 0 has score 4
New best direction: 0 with score 4
Direction 1 has score 1
Direction 2 has score 7
New best direction: 2 with score 7
Direction 3 has score 5
Direction 4 has score 0
Direction 5 has score 8
New best direction: 5 with score 8
Direction 6 has score 6
Direction 7 has score 1
FINAL best_dir=5 max_score=8


pos=(8,6), dir=-1
Direction 0 has score 7
New best direction: 0 with score 7
Direction 1 has score 4
Direction 2 has score 2
Direction 3 has score 7
Direction 4 has score 8
New best direction: 4 with score 8
Direction 5 has score 0
Direction 6 has score 0
Direction 7 has score 0
FINAL best_dir=4 max_score=8


pos=(8,6), dir=-1
Direction 0 has score 7
New best direction: 0 with score 7
Direction 1 has score 4
Direction 2 has score 2
Direction 3 has score 7
Direction 4 has score 8
New best direction: 4 with score 8
Direction 5 has score 0
Direction 6 has score 0
Direction 7 has score 0
FINAL best_dir=4 max_score=8


pos=(8,7), dir=-1
Direction 0 has score 0
Direction 1 has score 2
New best direction: 1 with score 2
Direction 2 has score 7
New best direction: 2 with score 7
Direction 3 has score 0
Direction 4 has score 0
Direction 5 has score 0
Direction 6 has score 0
Direction 7 has score 0
FINAL best_dir=2 max_score=7


pos=(8,7), dir=-1
Direction 0 has score 0
Direction 1 has score 2
New best direction: 1 with score 2
Direction 2 has score 7
New best direction: 2 with score 7
Direction 3 has score 0
Direction 4 has score 0
Direction 5 has score 0
Direction 6 has score 0
Direction 7 has score 0
FINAL best_dir=2 max_score=7


pos=(9,7), dir=-1
Direction 0 has score 2
New best direction: 0 with score 2
Direction 4 has score 0
Direction 5 has score 0
Direction 6 has score 0
Direction 7 has score 0
FINAL best_dir=0 max_score=2


pos=(9,7), dir=-1
Direction 0 has score 2
New best direction: 0 with score 2
Direction 4 has score 0
Direction 5 has score 0
Direction 6 has score 0
Direction 7 has score 0
FINAL best_dir=0 max_score=2


pos=(9,6), dir=-1
Direction 0 has score 4
New best direction: 0 with score 4
Direction 4 has score 0
Direction 5 has score 0
Direction 6 has score 0
Direction 7 has score 7
New best direction: 7 with score 7
FINAL best_dir=7 max_score=7


pos=(9,5), dir=-1
Direction 0 has score 1
New best direction: 0 with score 1
Direction 4 has score 0
Direction 5 has score 0
Direction 6 has score 7
New best direction: 6 with score 7
Direction 7 has score 1
FINAL best_dir=6 max_score=7


pos=(8,4), dir=-1
Direction 0 has score 4
New best direction: 0 with score 4
Direction 1 has score 9
New best direction: 1 with score 9
Direction 2 has score 1
Direction 3 has score 0
Direction 4 has score 7
Direction 5 has score 0
Direction 6 has score 4
Direction 7 has score 8
FINAL best_dir=1 max_score=9


pos=(7,4), dir=-1
Direction 0 has score 8
New best direction: 0 with score 8
Direction 1 has score 4
Direction 2 has score 0
Direction 3 has score 7
Direction 4 has score 0
Direction 5 has score 6
Direction 6 has score 1
Direction 7 has score 5
FINAL best_dir=0 max_score=8


pos=(8,3), dir=-1
Direction 0 has score 7
New best direction: 0 with score 7
Direction 1 has score 3
Direction 2 has score 9
New best direction: 2 with score 9
Direction 3 has score 1
Direction 4 has score 0
Direction 5 has score 0
Direction 6 has score 8
Direction 7 has score 2
FINAL best_dir=2 max_score=9


pos=(8,2), dir=-1
Direction 0 has score 2
New best direction: 0 with score 2
Direction 1 has score 8
New best direction: 1 with score 8
Direction 2 has score 3
Direction 3 has score 9
New best direction: 3 with score 9
Direction 4 has score 0
Direction 5 has score 8
Direction 6 has score 2
Direction 7 has score 4
FINAL best_dir=3 max_score=9


pos=(9,2), dir=-1
Direction 0 has score 8
New best direction: 0 with score 8
Direction 4 has score 9
New best direction: 4 with score 9
Direction 5 has score 0
Direction 6 has score 0
Direction 7 has score 2
FINAL best_dir=4 max_score=9


pos=(9,2), dir=-1
Direction 0 has score 8
New best direction: 0 with score 8
Direction 4 has score 9
New best direction: 4 with score 9
Direction 5 has score 0
Direction 6 has score 0
Direction 7 has score 2
FINAL best_dir=4 max_score=9


pos=(9,3), dir=-1
Direction 0 has score 0
Direction 4 has score 1
New best direction: 4 with score 1
Direction 5 has score 0
Direction 6 has score 0
Direction 7 has score 0
FINAL best_dir=4 max_score=1


pos=(9,4), dir=-1
Direction 0 has score 0
Direction 4 has score 0
Direction 5 has score 7
New best direction: 5 with score 7
Direction 6 has score 0
Direction 7 has score 0
FINAL best_dir=5 max_score=7


pos=(9,4), dir=-1
Direction 0 has score 0
Direction 4 has score 0
Direction 5 has score 7
New best direction: 5 with score 7
Direction 6 has score 0
Direction 7 has score 0
FINAL best_dir=5 max_score=7


pos=(8,5), dir=-1
Direction 0 has score 0
Direction 1 has score 0
Direction 2 has score 0
Direction 3 has score 0
Direction 4 has score 0
Direction 5 has score 0
Direction 6 has score 0
Direction 7 has score 0
FINAL best_dir=-1 max_score=0
